<?xml version="1.0" encoding="UTF-8"?>
<testng-results ignored="0" total="0" passed="0" failed="0" skipped="0">
  <reporter-output>
  </reporter-output>
  <suite started-at="2021-12-05T11:06:14 IST" name="Default suite" finished-at="2021-12-05T11:06:14 IST" duration-ms="182">
    <groups>
      <group name="cucumber">
        <method signature="AbstractTestNGCucumberTests.feature(cucumber.api.testng.CucumberFeatureWrapper)[pri:0, instance:runnerB.TestRunner@619713e5]" name="feature" class="cucumber.api.testng.AbstractTestNGCucumberTests"/>
      </group> <!-- cucumber -->
    </groups>
    <test started-at="2021-12-05T11:06:14 IST" name="Default test" finished-at="2021-12-05T11:06:14 IST" duration-ms="182">
      <class name="runnerB.TestRunner">
        <test-method is-config="true" signature="setUpClass()[pri:0, instance:runnerB.TestRunner@619713e5]" started-at="2021-12-05T11:06:14 IST" name="setUpClass" finished-at="2021-12-05T11:06:14 IST" duration-ms="154" status="PASS">
          <reporter-output>
          </reporter-output>
        </test-method> <!-- setUpClass -->
        <test-method is-config="true" signature="tearDownClass()[pri:0, instance:runnerB.TestRunner@619713e5]" started-at="2021-12-05T11:06:14 IST" name="tearDownClass" finished-at="2021-12-05T11:06:14 IST" duration-ms="6" status="PASS">
          <reporter-output>
          </reporter-output>
        </test-method> <!-- tearDownClass -->
      </class> <!-- runnerB.TestRunner -->
    </test> <!-- Default test -->
  </suite> <!-- Default suite -->
</testng-results>
